<?xml version="1.0" encoding="UTF-8"?>
<testsuite name="ThreeSumSortedArrayTestCase" tests="3" skipped="0" failures="0" errors="0" timestamp="2020-08-10T08:35:30" hostname="pbgmlnko" time="0.032">
  <properties/>
  <testcase name="threeSumBruteForceCount(int, int, String)[1]" classname="ThreeSumSortedArrayTestCase" time="0.025"/>
  <testcase name="threeSumBruteForceCount(int, int, String)[2]" classname="ThreeSumSortedArrayTestCase" time="0.001"/>
  <testcase name="threeSumBruteForceCount(int, int, String)[3]" classname="ThreeSumSortedArrayTestCase" time="0.001"/>
  <system-out><![CDATA[]]></system-out>
  <system-err><![CDATA[]]></system-err>
</testsuite>
